<?xml version="1.0" encoding="UTF-8"?>
<!-- Generated by org.testng.reporters.JUnitReportReporter -->
<testsuite skipped="0" hostname="PULAPASUPULETI" name="demoselenium.Jenkinssleniumdemo" tests="1" failures="0" timestamp="2020-06-03T12:41:02 IST" time="0.010" errors="0">
  <testcase name="testjenkins" time="0.010" classname="demoselenium.Jenkinssleniumdemo"/>
  <system-out/>
</testsuite> <!-- demoselenium.Jenkinssleniumdemo -->
