<?xml version="1.0" encoding="UTF-8"?>
<!-- Generated by org.testng.reporters.JUnitReportReporter -->
<testsuite skipped="0" hostname="PULAPASUPULETI" name="DemoJenkins.DemoJenkinsClass" tests="1" failures="0" timestamp="2020-05-29T18:21:44 IST" time="0.017" errors="0">
  <testcase name="testjenkins" time="0.017" classname="DemoJenkins.DemoJenkinsClass"/>
  <system-out/>
</testsuite> <!-- DemoJenkins.DemoJenkinsClass -->
